<?xml version="1.0" encoding="UTF-8" ?><testsuite errors="0" name="jasmine.specs" tests="16" failures="0" skipped="0" hostname="localhost" time="0.0" timestamp="2013-05-23T15:23:23"><testcase classname="jasmine" name="wb.ControlView sanity test Enyo component references" time="0.0" failure="false"/><testcase classname="jasmine" name="wb.ControlView geo logic test geometry stratification" time="0.0" failure="false"/><testcase classname="jasmine" name="wb.ControlView layer control UI actions test [User Observation] layer toggle (OFF)" time="0.0" failure="false"/><testcase classname="jasmine" name="wb.ControlView layer control UI actions test [User Observation] layer toggle (ON)" time="0.0" failure="false"/><testcase classname="jasmine" name="wb.ControlView layer control UI actions test [School Weather Stations] layer toggle (OFF)" time="0.0" failure="false"/><testcase classname="jasmine" name="wb.ControlView layer control UI actions test [School Weather Stations] layer toggle (ON)" time="0.0" failure="false"/><testcase classname="jasmine" name="wb.ControlView layer control UI actions test [Buoys] layer toggle (OFF)" time="0.0" failure="false"/><testcase classname="jasmine" name="wb.ControlView layer control UI actions test [Buoys] layer toggle (ON)" time="0.0" failure="false"/><testcase classname="jasmine" name="wb.ControlView layer control UI actions test [NOAA Radar] layer toggle (OFF)" time="0.0" failure="false"/><testcase classname="jasmine" name="wb.ControlView layer control UI actions test [NOAA Radar] layer toggle (ON)" time="0.0" failure="false"/><testcase classname="jasmine" name="wb.ControlView layer control UI actions test [NOAA Surface Temps] layer toggle (OFF)" time="0.0" failure="false"/><testcase classname="jasmine" name="wb.ControlView layer control UI actions test [NOAA Surface Temps] layer toggle (ON)" time="0.0" failure="false"/><testcase classname="jasmine" name="environment test core environment" time="0.0" failure="false"/><testcase classname="jasmine" name="environment test ancillary dependencies" time="0.0" failure="false"/><testcase classname="jasmine" name="Geojson Tests test geojson testdata availability" time="0.0" failure="false"/><testcase classname="jasmine" name="Geojson Tests test geojson stratification proto logic" time="0.0" failure="false"/></testsuite>